C51 COMPILER V9.54   BUZZER                                                                03/13/2026 13:12:37 PAGE 1   


C51 COMPILER V9.54, COMPILATION OF MODULE BUZZER
OBJECT MODULE PLACED IN .\Objects\Buzzer.obj
COMPILER INVOKED BY: F:\Keil5\C51\BIN\C51.EXE Buzzer.c OPTIMIZE(8,SPEED) BROWSE DEBUG OBJECTEXTEND PRINT(.\Listings\Buzz
                    -er.lst) OBJECT(.\Objects\Buzzer.obj)

line level    source

   1          #include <STC8H.H>
   2          
   3          void Buzzer_Init()
   4          {
   5   1              P0M0 |= 0x80;
   6   1              P0M1 &= ~0x80;   //P0.7推挽输出
   7   1      }
   8          
   9          void Buzzer_ON()
  10          {
  11   1              P07 = 0;
  12   1      }
  13          
  14          void Buzzer_OFF()
  15          {
  16   1              P07 = 1;
  17   1      }


MODULE INFORMATION:   STATIC OVERLAYABLE
   CODE SIZE        =     13    ----
   CONSTANT SIZE    =   ----    ----
   XDATA SIZE       =   ----    ----
   PDATA SIZE       =   ----    ----
   DATA SIZE        =   ----    ----
   IDATA SIZE       =   ----    ----
   BIT SIZE         =   ----    ----
END OF MODULE INFORMATION.


C51 COMPILATION COMPLETE.  0 WARNING(S),  0 ERROR(S)
