C51 COMPILER V9.54   CD4051                                                                03/13/2026 13:12:37 PAGE 1   


C51 COMPILER V9.54, COMPILATION OF MODULE CD4051
OBJECT MODULE PLACED IN .\Objects\CD4051.obj
COMPILER INVOKED BY: F:\Keil5\C51\BIN\C51.EXE CD4051.c OPTIMIZE(8,SPEED) BROWSE DEBUG OBJECTEXTEND PRINT(.\Listings\CD40
                    -51.lst) OBJECT(.\Objects\CD4051.obj)

line level    source

   1          #include <STC8H.H>
   2          #include "delay.h"
   3          #include "Key.h"
   4          #include "CD4051.h"
   5          
   6          sbit CD4051_INH = P0^6;    // 使能端（低电平有效）
   7          sbit CD4051_A  = P0^3;     // 地址线A
   8          sbit CD4051_B  = P0^4;     // 地址线B
   9          sbit CD4051_C  = P0^5;     // 地址线C
  10          
  11          void CD4051_Init()
  12          {
  13   1              P0M0 |= 0x78;
  14   1              P0M1 &= ~0x78;    //P0.3~P0.6设置为推挽输出
  15   1              CD4051_INH = 0;  // 使能CD4051（低电平有效）
  16   1              CD4051_A  = 1;     
  17   1              CD4051_B  = 1;     
  18   1              CD4051_C  = 0;
  19   1      }
  20          
  21          void CD4051_Set_Mode(unsigned char Mode) {
  22   1          // 设置地址线（C B A）
  23   1          switch(Mode) {
  24   2              case MODE_RES:      // 000 - 电阻
  25   2                  CD4051_C = 0;
  26   2                  CD4051_B = 0;
  27   2                  CD4051_A = 0;
  28   2                  break;
  29   2                  
  30   2              case MODE_FREQ:      // 001 - 频率
  31   2                  CD4051_C = 0;
  32   2                  CD4051_B = 0;
  33   2                  CD4051_A = 1;
  34   2                  break;
  35   2                  
  36   2              case MODE_CONT:      // 010 - 通断
  37   2                  CD4051_C = 0;
  38   2                  CD4051_B = 0;
  39   2                  CD4051_A = 0;
  40   2                  break;
  41   2                  
  42   2              case MODE_DIODE:     // 011 - 二极管
  43   2                  CD4051_C = 0;
  44   2                  CD4051_B = 1;
  45   2                  CD4051_A = 1;
  46   2                  break;
  47   2                  
  48   2              case MODE_ACV:       // 100 - 交流电压
  49   2                  CD4051_C = 1;
  50   2                  CD4051_B = 0;
  51   2                  CD4051_A = 0;
  52   2                  break;
  53   2                  
  54   2              case MODE_CAP:       // 101 - 电容
C51 COMPILER V9.54   CD4051                                                                03/13/2026 13:12:37 PAGE 2   

  55   2                  CD4051_C = 1;
  56   2                  CD4051_B = 0;
  57   2                  CD4051_A = 1;
  58   2                  break;
  59   2                  
  60   2              case MODE_DCV_2V:    // 110 - 直流电压(2V)
  61   2                  CD4051_C = 1;
  62   2                  CD4051_B = 1;
  63   2                  CD4051_A = 0;
  64   2                  break;
  65   2                      
  66   2                      case MODE_DCV_20V:   // 111 - 直流电压(20V)
  67   2                  CD4051_C = 1;
  68   2                  CD4051_B = 1;
  69   2                  CD4051_A = 1;
  70   2                  break;
  71   2                 
  72   2              default:
  73   2                  // 默认直流电压模式
  74   2                  CD4051_C = 1;
  75   2                  CD4051_B = 1;
  76   2                  CD4051_A = 0;
  77   2                  break;
  78   2          }
  79   1              DelayMs(5);
  80   1      }


MODULE INFORMATION:   STATIC OVERLAYABLE
   CODE SIZE        =    105    ----
   CONSTANT SIZE    =   ----    ----
   XDATA SIZE       =   ----    ----
   PDATA SIZE       =   ----    ----
   DATA SIZE        =   ----    ----
   IDATA SIZE       =   ----    ----
   BIT SIZE         =   ----    ----
END OF MODULE INFORMATION.


C51 COMPILATION COMPLETE.  0 WARNING(S),  0 ERROR(S)
