C51 COMPILER V9.54   FREQ                                                                  03/13/2026 13:12:37 PAGE 1   


C51 COMPILER V9.54, COMPILATION OF MODULE FREQ
OBJECT MODULE PLACED IN .\Objects\FREQ.obj
COMPILER INVOKED BY: F:\Keil5\C51\BIN\C51.EXE FREQ.c OPTIMIZE(8,SPEED) BROWSE DEBUG OBJECTEXTEND PRINT(.\Listings\FREQ.l
                    -st) OBJECT(.\Objects\FREQ.obj)

line level    source

   1          #include <STC8H.H>
   2          #include <INTRINS.H>
   3          
   4          void PWMA_Init()
   5          {
   6   1              PWMA_PS = 0x00;       //P1.0输入
   7   1              P1M0 &= ~0x01;
   8   1              P1M1 |= 0x01; 
   9   1              P2M0 &= ~0x01;
  10   1              P2M1 |= 0x01; 
  11   1      
  12   1              PWMA_PSCRH = 0x00;    
  13   1              PWMA_PSCRL = 0x17;    // 预分频
  14   1              
  15   1              PWMA_CNTRH = 0x00;
  16   1              PWMA_CNTRL = 0x00;    //计数器清零
  17   1              
  18   1              PWMA_CCER1 = 0x00;    //关闭PWM通道1
  19   1              PWMA_CCMR1 = 0x01;    //CC1为输入模式，且映射到TI1FP1上
  20   1              PWMA_CCMR2 = 0x02;    //CC2为输入模式，且映射到TI1FP2上
  21   1              PWMA_CCER1 = 0x11;    //使能CC1,CC2上的捕获功能
  22   1              PWMA_CCER1 |= 0x00;   //CC1上升沿
  23   1              PWMA_CCER1 |= 0x20;   //CC2下降沿
  24   1              PWMA_SMCR = 0x54;     //上升沿复位模式
  25   1              PWMA_CR1 |= 0x01;     //使能计数器
  26   1              PWMA_IER = 0x06;      //使能CC1,CC2中断
  27   1      }
  28          
  29          void Comparator_Init()
  30          {
  31   1          P3M0 = (P3M0 & ~0xc0) | 0x10;
  32   1              P3M1 &= ~0xd0;         //P3.6,P3.7高阻输入,P3.4推挽输出
  33   1          CMPCR1 = 0x00;
  34   1          CMPCR1 = 0x86;
  35   1          CMPCR2 = 0x00;   
  36   1          CMPEXCFG = 0x00;
  37   1      }


MODULE INFORMATION:   STATIC OVERLAYABLE
   CODE SIZE        =    100    ----
   CONSTANT SIZE    =   ----    ----
   XDATA SIZE       =   ----    ----
   PDATA SIZE       =   ----    ----
   DATA SIZE        =   ----    ----
   IDATA SIZE       =   ----    ----
   BIT SIZE         =   ----    ----
END OF MODULE INFORMATION.


C51 COMPILATION COMPLETE.  0 WARNING(S),  0 ERROR(S)
