C51 COMPILER V9.54   RES                                                                   03/13/2026 13:12:37 PAGE 1   


C51 COMPILER V9.54, COMPILATION OF MODULE RES
OBJECT MODULE PLACED IN .\Objects\RES.obj
COMPILER INVOKED BY: F:\Keil5\C51\BIN\C51.EXE RES.c OPTIMIZE(8,SPEED) BROWSE DEBUG OBJECTEXTEND PRINT(.\Listings\RES.lst
                    -) OBJECT(.\Objects\RES.obj)

line level    source

   1          #include <STC8H.H>
   2          #include <intrins.h>
   3          #include "RES.h"
   4          #include "delay.h"
   5          #include "AD.h"
   6          
   7          sbit CD4052_INH = P0^0;
   8          sbit CD4052_A = P0^1;
   9          sbit CD4052_B = P0^2;
  10          
  11          xdata const float REF_RESISTORS[4] = {
  12              200.0f,     // 200Ω量程使用200Ω参考电阻
  13              2000.0f,    // 2kΩ量程使用2kΩ参考电阻
  14              20000.0f,   // 20kΩ量程使用20kΩ参考电阻
  15              220000.0f   // 200kΩ量程使用220kΩ参考电阻
  16          };
  17          
  18          void RES_Init()
  19          {
  20   1              P0M0 |= 0x07;
  21   1              P0M1 &= ~0x07;   //P0.0~P0.2设置为推挽输出
  22   1              CD4052_INH = 0;
  23   1              CD4052_A = 0;
  24   1              CD4052_B = 0;
  25   1      }
  26          
  27          void CD4052_Set_Range(unsigned char Range)
  28          {
  29   1              switch(Range){
  30   2                      case RANGE_200R:      //00 - 200Ω
  31   2                              CD4052_A = 0;
  32   2                              CD4052_B = 0;
  33   2                              break;
  34   2                      case RANGE_2K:        //01 - 2KΩ
  35   2                              CD4052_A = 1;
  36   2                              CD4052_B = 0;
  37   2                              break;
  38   2                      case RANGE_20K:       //10 - 20KΩ
  39   2                              CD4052_A = 0;
  40   2                              CD4052_B = 1;
  41   2                              break;
  42   2                      case RANGE_200K:      //11 - 200KΩ
  43   2                              CD4052_A = 1;
  44   2                              CD4052_B = 1;
  45   2                              break;
  46   2              }
  47   1      }
  48          
  49          float Measure_Resistance(unsigned char range, unsigned int ADValue) {
  50   1          idata float voltage, ref_resistor, resistance;
  51   1          
  52   1          voltage = (ADValue / 4095.0f) * 5.0f;
  53   1          
  54   1          // 获取当前量程的参考电阻值
C51 COMPILER V9.54   RES                                                                   03/13/2026 13:12:37 PAGE 2   

  55   1          ref_resistor = REF_RESISTORS[range];  // 单位：Ω
  56   1          
  57   1          // 开路检测
  58   1          if(voltage > 4.90f)
  59   1              return 0.0f;
  60   1          
  61   1          // 短路检测
  62   1          else if(voltage < 0.10f)
  63   1              return 99999999.0f;
  64   1         
  65   1          // 计算被测电阻值
  66   1          if(ref_resistor > 0 && voltage > 0.1f && voltage < 4.90f) {
  67   2                      if(range == RANGE_200R)
  68   2                      {
  69   3                              if(ADValue < 2600)
  70   3                              resistance = ref_resistor * voltage / (5.0f - voltage) - 310.0f;
  71   3                              else if(ADValue < 2700)
  72   3                              resistance = ref_resistor * voltage / (5.0f - voltage) - 330.0f;
  73   3                              else if(ADValue < 3005)
  74   3                              resistance = ref_resistor * voltage / (5.0f - voltage) - 360.0f;
  75   3                              else if(ADValue < 3050)
  76   3                              resistance = ref_resistor * voltage / (5.0f - voltage) - 300.0f;
  77   3                              else if(ADValue < 3100)
  78   3                              resistance = ref_resistor * voltage / (5.0f - voltage) - 90.0f;
  79   3                              else
  80   3                              resistance = ref_resistor * voltage / (5.0f - voltage);
  81   3                      }
  82   2                      else
  83   2                      resistance = ref_resistor * voltage / (5.0f - voltage);
  84   2          } else {
  85   2              resistance = 0;
  86   2          }
  87   1          
  88   1          return resistance;
  89   1      }


MODULE INFORMATION:   STATIC OVERLAYABLE
   CODE SIZE        =    692    ----
   CONSTANT SIZE    =   ----    ----
   XDATA SIZE       =     16    ----
   PDATA SIZE       =   ----    ----
   DATA SIZE        =   ----       3
   IDATA SIZE       =   ----      12
   BIT SIZE         =   ----    ----
END OF MODULE INFORMATION.


C51 COMPILATION COMPLETE.  0 WARNING(S),  0 ERROR(S)
