C51 COMPILER V9.54   TIMER0                                                                03/13/2026 13:12:37 PAGE 1   


C51 COMPILER V9.54, COMPILATION OF MODULE TIMER0
OBJECT MODULE PLACED IN .\Objects\Timer0.obj
COMPILER INVOKED BY: F:\Keil5\C51\BIN\C51.EXE Timer0.c OPTIMIZE(8,SPEED) BROWSE DEBUG OBJECTEXTEND PRINT(.\Listings\Time
                    -r0.lst) OBJECT(.\Objects\Timer0.obj)

line level    source

   1          #include <STC8H.H>
   2          
   3          void Timer0_Init()
   4          {
   5   1              AUXR &= 0x7F;                   //定时器时钟12T模式
   6   1              TMOD &= 0xF0;           //把TMOD的低四位清零，高四位保持不变
   7   1              TMOD |= 0x01;           //把TMOD的最低位置1，高四位保持不变
   8   1              TF0 = 0;                //配置计时器
   9   1              TR0 = 1;      
  10   1              TL0 = 0x30;                             
  11   1              TH0 = 0xF8;             //计时时间1ms(1us计数加二)(12T模式)
  12   1                                              
  13   1              ET0 = 1;                //配置中断器
  14   1              EA = 1;
  15   1              PT0 = 0;
  16   1              
  17   1      }
  18          
  19          /*
  20          void TM0_Routine(void)  interrupt 1    定时器中断函数(1s)
  21          {
  22                  static unsigned int T0Count;
  23                  TL0 = 0x30;                             
  24                  TH0 = 0xF8;
  25                  T0Count++;
  26                  if(T0Count>=1000)
  27                  {
  28                          T0Count=0;
  29                  } 
  30          }
  31          */


MODULE INFORMATION:   STATIC OVERLAYABLE
   CODE SIZE        =     26    ----
   CONSTANT SIZE    =   ----    ----
   XDATA SIZE       =   ----    ----
   PDATA SIZE       =   ----    ----
   DATA SIZE        =   ----    ----
   IDATA SIZE       =   ----    ----
   BIT SIZE         =   ----    ----
END OF MODULE INFORMATION.


C51 COMPILATION COMPLETE.  0 WARNING(S),  0 ERROR(S)
